Arguments: 
  /Users/danielstclair/.nvm/versions/node/v6.3.0/bin/node /usr/local/bin/yarn init

PATH: 
  /Users/danielstclair/.nvm/versions/node/v6.3.0/bin:/usr/local/bin:/usr/bin:/bin:/usr/sbin:/sbin:/Users/danielstclair/.rvm/bin

Yarn version: 
  0.16.0

Node version: 
  6.3.0

Platform: 
  darwin x64

npm manifest: 
  {
    "name": "vue-todo-list",
    "version": "1.0.0",
    "main": "index.js",
    "author": "Daniel St. Clair",
    "license": "MIT",
    "dependencies": {
      "axios": "^0.15.2",
      "babel": "^6.5.2",
      "babel-loader": "^6.2.5",
      "babel-plugin-transform-object-rest-spread": "^6.16.0",
      "babel-polyfill": "^6.16.0",
      "babel-preset-es2015": "^6.16.0",
      "babel-preset-stage-0": "^6.16.0",
      "babel-preset-stage-1": "^6.16.0",
      "babel-register": "^6.16.3",
      "babel-runtime": "^6.18.0",
      "babelify": "^7.3.0",
      "body-parser": "^1.15.2",
      "cookie-parser": "^1.4.3",
      "express": "^4.14.0",
      "express-session": "^1.14.1",
      "mongoose": "^4.6.5",
      "mongoose-unique-validator": "^1.0.2",
      "morgan": "^1.7.0",
      "nodemon": "^1.10.2",
      "request": "^2.75.0",
      "request-promise": "^4.1.1",
    },
    "devDependencies": {
      "babel-core": "^6.5.1",
      "babel-preset-es2015": "^6.5.0",
      "node-sass": "^3.10.1",
    },
    "scripts": {
      "start": "nodemon ./app.js",
    }
  }

yarn manifest: 
  No manifest

bower manifest: 
  No manifest

Lockfile: 
  No lockfile

Trace: 
  SyntaxError: /Users/danielstclair/Development/Experiments/Vue Projects/vue-todo-list/server/package.json: Unexpected token } in JSON at position 823
      at Object.parse (native)
      at Object.<anonymous> (/usr/local/Cellar/yarn/0.16.0/libexec/lib/node_modules/yarn/lib/util/fs.js:271:57)
      at next (native)
      at step (/usr/local/Cellar/yarn/0.16.0/libexec/lib/node_modules/yarn/node_modules/babel-runtime/helpers/asyncToGenerator.js:17:30)
      at /usr/local/Cellar/yarn/0.16.0/libexec/lib/node_modules/yarn/node_modules/babel-runtime/helpers/asyncToGenerator.js:28:20
      at run (/usr/local/Cellar/yarn/0.16.0/libexec/lib/node_modules/yarn/node_modules/core-js/library/modules/es6.promise.js:87:22)
      at /usr/local/Cellar/yarn/0.16.0/libexec/lib/node_modules/yarn/node_modules/core-js/library/modules/es6.promise.js:100:28
      at flush (/usr/local/Cellar/yarn/0.16.0/libexec/lib/node_modules/yarn/node_modules/core-js/library/modules/_microtask.js:18:9)
      at _combinedTickCallback (internal/process/next_tick.js:67:7)
      at process._tickCallback (internal/process/next_tick.js:98:9)
